Arguments: 
  C:\Program Files\nodejs\node.exe C:\Program Files (x86)\Yarn\bin\yarn.js enter:php

PATH: 
  C:\Aplicativos\Cmder\vendor\bin;C:\Aplicativos\Cmder\vendor\conemu-maximus5\ConEmu\Scripts;C:\Aplicativos\Cmder\vendor\conemu-maximus5;C:\Aplicativos\Cmder\vendor\conemu-maximus5\ConEmu;C:\Program Files (x86)\NVIDIA Corporation\PhysX\Common;D:\Libs\DragonRuby;C:\Python39\Scripts\;C:\Python39\;C:\Program Files\AdoptOpenJDK\jdk-11.0.9.101-hotspot\bin;C:\Program Files\AdoptOpenJDK\jre-11.0.9.101-hotspot\bin;C:\Program Files (x86)\AdoptOpenJDK\jre-11.0.9.101-hotspot\bin;C:\Program Files (x86)\AdoptOpenJDK\jdk-11.0.9.101-hotspot\bin;C:\Windows\system32;C:\Windows;C:\Windows\System32\Wbem;C:\Windows\System32\WindowsPowerShell\v1.0\;C:\Windows\System32\OpenSSH\;C:\Program Files\Git\cmd;C:\Program Files\Sublime Text;C:\Aplicativos\Cmder;C:\Program Files (x86)\Lua\5.1;C:\Program Files (x86)\Lua\5.1\clibs;C:\ProgramData\chocolatey\bin;C:\Program Files\PuTTY\;C:\HaxeToolkit\haxe;C:\HaxeToolkit\neko;C:\Program Files\PowerShell\7\;C:\Program Files (x86)\Yarn\bin\;D:\Xampp\7.3.22\php;C:\ProgramData\ComposerSetup\bin;C:\Program Files\Microsoft SQL Server\130\Tools\Binn\;C:\Program Files\Microsoft SQL Server\Client SDK\ODBC\170\Tools\Binn\;C:\Program Files (x86)\Certbot\bin;C:\Program Files\dotnet\;C:\Program Files\nodejs\;D:\Development\Flutter\2.0.1\bin;C:\Shell;C:\Aplicativos\lite;C:\Program Files\Docker\Docker\resources\bin;C:\ProgramData\DockerDesktop\version-bin;C:\Ruby27-x64\bin;C:\Users\fabio\AppData\Local\Microsoft\WindowsApps;C:\Users\fabio\AppData\Local\Programs\Microsoft VS Code\bin;C:\Users\fabio\AppData\Local\Yarn\bin;C:\Users\fabio\AppData\Roaming\Composer\vendor\bin;C:\Program Files\heroku\bin;C:\tools\dart-sdk\bin;C:\Users\fabio\AppData\Roaming\Pub\Cache\bin;C:\Users\fabio\.dotnet\tools;C:\Users\fabio\AppData\Roaming\npm;C:\Program Files\Git\mingw64\bin;C:\Program Files\Git\usr\bin

Yarn version: 
  1.22.5

Node version: 
  14.15.4

Platform: 
  win32 x64

Trace: 
  SyntaxError: F:\Git\GitHub\yapi-php\package.json: Unexpected token } in JSON at position 352
      at JSON.parse (<anonymous>)
      at C:\Program Files (x86)\Yarn\lib\cli.js:1625:59
      at Generator.next (<anonymous>)
      at step (C:\Program Files (x86)\Yarn\lib\cli.js:310:30)
      at C:\Program Files (x86)\Yarn\lib\cli.js:321:13

npm manifest: 
  {
    "name": "yapi-php",
    "version": "1.0.0",
    "description": "",
    "main": "index.js",
    "scripts": {
      "up": "docker compose up -d",
      "down": "docker compose down",
      "enter:php": "docker exec -it yapi_php /bin/bash",
      "enter:mariadb": "docker exec -it yapi_mariadb /bin/bash",
      "enter:redis": "docker exec -it yapi_redis /bin/bash",
    },
    "repository": {
      "type": "git",
      "url": "git+https://github.com/yuigoto/yapi-php.git"
    },
    "keywords": [],
    "author": "",
    "license": "ISC",
    "bugs": {
      "url": "https://github.com/yuigoto/yapi-php/issues"
    },
    "homepage": "https://github.com/yuigoto/yapi-php#readme"
  }

yarn manifest: 
  No manifest

Lockfile: 
  No lockfile
